<?xml version="1.0" encoding="UTF-8"?>
<testsuite xmlns:xsi="http://www.w3.org/2001/XMLSchema-instance" xsi:noNamespaceSchemaLocation="https://maven.apache.org/surefire/maven-surefire-plugin/xsd/surefire-test-report.xsd" name="com.jiabin.disruptor.test.DemoTests" time="4.387" tests="2" errors="0" skipped="0" failures="0">
  <properties>
[...]
</properties>
  <testcase name="sayHelloMqTest" classname="com.jiabin.disruptor.test.DemoTests" time="2.39"/>
  <testcase name="execute" classname="com.jiabin.disruptor.test.DemoTests" time="0.001"/>
</testsuite>